<?xml version="1.0" encoding="UTF-8"?>
<!-- Generated by org.testng.reporters.JUnitReportReporter -->
<testsuite hostname="AIR-IT-422575" name="cc.wdcy.infrastructure.mybatis.UserRepositoryMyBatisTest" tests="3" failures="0" timestamp="4 Aug 2015 08:51:30 GMT" time="0.078" errors="0">
  <testcase name="updateUser" time="0.036" classname="cc.wdcy.infrastructure.mybatis.UserRepositoryMyBatisTest"/>
  <testcase name="findByGuid" time="0.038" classname="cc.wdcy.infrastructure.mybatis.UserRepositoryMyBatisTest"/>
  <testcase name="findByUsername" time="0.004" classname="cc.wdcy.infrastructure.mybatis.UserRepositoryMyBatisTest"/>
</testsuite>
