<?xml version="1.0" encoding="UTF-8"?>
<!-- Generated by org.testng.reporters.JUnitReportReporter -->
<testsuite hostname="AIR-IT-422575" name="cc.wdcy.infrastructure.mybatis.OauthRepositoryMyBatisTest" tests="4" failures="0" timestamp="4 Aug 2015 08:51:30 GMT" time="0.083" errors="0">
  <testcase name="findAllOauthClientDetails" time="0.050" classname="cc.wdcy.infrastructure.mybatis.OauthRepositoryMyBatisTest"/>
  <testcase name="saveOauthClientDetails" time="0.018" classname="cc.wdcy.infrastructure.mybatis.OauthRepositoryMyBatisTest"/>
  <testcase name="updateOauthClientDetailsArchive" time="0.004" classname="cc.wdcy.infrastructure.mybatis.OauthRepositoryMyBatisTest"/>
  <testcase name="findOauthClientDetails" time="0.011" classname="cc.wdcy.infrastructure.mybatis.OauthRepositoryMyBatisTest"/>
</testsuite>
