<?xml version="1.0" encoding="UTF-8" ?>
<testsuite tests="7" failures="0" name="TestSuite" time="3.804" errors="0" skipped="0">
  <properties>
    <property name="jdbc.url" value="jdbc:mysql://10.88.5.171:3306/test?autoReconnect=true&amp;useUnicode=true&amp;characterEncoding=utf8"/>
    <property name="java.runtime.name" value="Java(TM) SE Runtime Environment"/>
    <property name="sun.boot.library.path" value="D:\Program Files\Java\jdk1.8.0\jre\bin"/>
    <property name="java.vm.version" value="25.0-b70"/>
    <property name="java.vm.vendor" value="Oracle Corporation"/>
    <property name="java.vendor.url" value="http://java.oracle.com/"/>
    <property name="path.separator" value=";"/>
    <property name="guice.disable.misplaced.annotation.check" value="true"/>
    <property name="java.vm.name" value="Java HotSpot(TM) 64-Bit Server VM"/>
    <property name="file.encoding.pkg" value="sun.io"/>
    <property name="user.script" value=""/>
    <property name="user.country" value="CN"/>
    <property name="sun.java.launcher" value="SUN_STANDARD"/>
    <property name="sun.os.patch.level" value=""/>
    <property name="java.vm.specification.name" value="Java Virtual Machine Specification"/>
    <property name="user.dir" value="D:\user\422575\桌面\飞行员检查记录系统\shengzhao-spring-oauth-server-master\spring-oauth-server"/>
    <property name="java.runtime.version" value="1.8.0-b132"/>
    <property name="java.awt.graphicsenv" value="sun.awt.Win32GraphicsEnvironment"/>
    <property name="basedir" value="D:\user\422575\桌面\飞行员检查记录系统\shengzhao-spring-oauth-server-master\spring-oauth-server"/>
    <property name="java.endorsed.dirs" value="D:\Program Files\Java\jdk1.8.0\jre\lib\endorsed"/>
    <property name="os.arch" value="amd64"/>
    <property name="java.io.tmpdir" value="C:\Users\422575\AppData\Local\Temp\"/>
    <property name="line.separator" value="
"/>
    <property name="java.vm.specification.vendor" value="Oracle Corporation"/>
    <property name="user.variant" value=""/>
    <property name="os.name" value="Windows 7"/>
    <property name="classworlds.conf" value="E:\Java\workspace\.metadata\.plugins\org.eclipse.m2e.core\launches\m2conf5914381990326002424.tmp"/>
    <property name="sun.jnu.encoding" value="GBK"/>
    <property name="java.library.path" value="D:\Program Files\Java\jdk1.8.0\bin;C:\Windows\Sun\Java\bin;C:\Windows\system32;C:\Windows;D:/Program Files (x86)/Java/jdk1.6.0_20/bin/../jre/bin/client;D:/Program Files (x86)/Java/jdk1.6.0_20/bin/../jre/bin;D:/Program Files (x86)/Java/jdk1.6.0_20/bin/../jre/lib/i386;D:\oracle\product\10.2.0\client_1\bin;D:\Program Files (x86)\Java\jdk1.6.0_20\bin;D:\Program Files (x86)\Java\jdk1.6.0_20\jre\bin;C:\Program Files (x86)\Intel\iCLS Client\;C:\Program Files\Intel\iCLS Client\;C:\Windows\system32;C:\Windows;C:\Windows\System32\Wbem;C:\Windows\System32\WindowsPowerShell\v1.0\;C:\Program Files\Intel\Intel(R) Management Engine Components\DAL;C:\Program Files\Intel\Intel(R) Management Engine Components\IPT;C:\Program Files (x86)\Intel\Intel(R) Management Engine Components\DAL;C:\Program Files (x86)\Intel\Intel(R) Management Engine Components\IPT;C:\Program Files (x86)\Intel\OpenCL SDK\2.0\bin\x86;C:\Program Files (x86)\Intel\OpenCL SDK\2.0\bin\x64;D:\Program Files\TortoiseSVN\bin;D:\Program Files (x86)\sts-3.2.0.RELEASE;;."/>
    <property name="surefire.test.class.path" value="D:\user\422575\桌面\飞行员检查记录系统\shengzhao-spring-oauth-server-master\spring-oauth-server\target\test-classes;D:\user\422575\桌面\飞行员检查记录系统\shengzhao-spring-oauth-server-master\spring-oauth-server\target\classes;D:\Project\repo\javax\servlet\servlet-api\2.4\servlet-api-2.4.jar;D:\Project\repo\javax\servlet\jsp\jsp-api\2.1\jsp-api-2.1.jar;D:\Project\repo\opensymphony\sitemesh\2.4\sitemesh-2.4.jar;D:\Project\repo\org\aspectj\aspectjrt\1.6.10\aspectjrt-1.6.10.jar;D:\Project\repo\org\aspectj\aspectjweaver\1.6.10\aspectjweaver-1.6.10.jar;D:\Project\repo\commons-dbcp\commons-dbcp\1.4\commons-dbcp-1.4.jar;D:\Project\repo\commons-pool\commons-pool\1.5.4\commons-pool-1.5.4.jar;D:\Project\repo\commons-io\commons-io\2.4\commons-io-2.4.jar;D:\Project\repo\org\springframework\spring-aop\3.1.1.RELEASE\spring-aop-3.1.1.RELEASE.jar;D:\Project\repo\aopalliance\aopalliance\1.0\aopalliance-1.0.jar;D:\Project\repo\org\springframework\spring-asm\3.1.1.RELEASE\spring-asm-3.1.1.RELEASE.jar;D:\Project\repo\org\springframework\spring-beans\3.1.1.RELEASE\spring-beans-3.1.1.RELEASE.jar;D:\Project\repo\org\springframework\spring-context\3.1.1.RELEASE\spring-context-3.1.1.RELEASE.jar;D:\Project\repo\org\springframework\spring-core\3.1.1.RELEASE\spring-core-3.1.1.RELEASE.jar;D:\Project\repo\commons-logging\commons-logging\1.1.1\commons-logging-1.1.1.jar;D:\Project\repo\org\springframework\spring-tx\3.1.1.RELEASE\spring-tx-3.1.1.RELEASE.jar;D:\Project\repo\org\springframework\spring-expression\3.1.1.RELEASE\spring-expression-3.1.1.RELEASE.jar;D:\Project\repo\org\springframework\spring-web\3.1.1.RELEASE\spring-web-3.1.1.RELEASE.jar;D:\Project\repo\org\springframework\spring-webmvc\3.1.1.RELEASE\spring-webmvc-3.1.1.RELEASE.jar;D:\Project\repo\org\springframework\spring-context-support\3.1.1.RELEASE\spring-context-support-3.1.1.RELEASE.jar;D:\Project\repo\org\springframework\security\spring-security-core\3.1.0.RELEASE\spring-security-core-3.1.0.RELEASE.jar;D:\Project\repo\org\springframework\security\spring-security-web\3.1.0.RELEASE\spring-security-web-3.1.0.RELEASE.jar;D:\Project\repo\org\springframework\spring-jdbc\3.0.6.RELEASE\spring-jdbc-3.0.6.RELEASE.jar;D:\Project\repo\org\springframework\security\spring-security-taglibs\3.1.0.RELEASE\spring-security-taglibs-3.1.0.RELEASE.jar;D:\Project\repo\org\springframework\security\spring-security-acl\3.1.0.RELEASE\spring-security-acl-3.1.0.RELEASE.jar;D:\Project\repo\org\springframework\security\spring-security-crypto\3.1.0.RELEASE\spring-security-crypto-3.1.0.RELEASE.jar;D:\Project\repo\org\springframework\security\spring-security-config\3.1.0.RELEASE\spring-security-config-3.1.0.RELEASE.jar;D:\Project\repo\org\springframework\security\oauth\spring-security-oauth2\1.0.5.RELEASE\spring-security-oauth2-1.0.5.RELEASE.jar;D:\Project\repo\commons-codec\commons-codec\1.3\commons-codec-1.3.jar;D:\Project\repo\org\codehaus\jackson\jackson-mapper-asl\1.9.2\jackson-mapper-asl-1.9.2.jar;D:\Project\repo\org\codehaus\jackson\jackson-core-asl\1.9.2\jackson-core-asl-1.9.2.jar;D:\Project\repo\mysql\mysql-connector-java\5.1.6\mysql-connector-java-5.1.6.jar;D:\Project\repo\log4j\log4j\1.2.14\log4j-1.2.14.jar;D:\Project\repo\org\slf4j\slf4j-log4j12\1.7.5\slf4j-log4j12-1.7.5.jar;D:\Project\repo\org\slf4j\slf4j-api\1.7.5\slf4j-api-1.7.5.jar;D:\Project\repo\net\sf\json-lib\json-lib\2.4\json-lib-2.4-jdk15.jar;D:\Project\repo\commons-beanutils\commons-beanutils\1.8.0\commons-beanutils-1.8.0.jar;D:\Project\repo\commons-collections\commons-collections\3.2.1\commons-collections-3.2.1.jar;D:\Project\repo\commons-lang\commons-lang\2.5\commons-lang-2.5.jar;D:\Project\repo\net\sf\ezmorph\ezmorph\1.0.6\ezmorph-1.0.6.jar;D:\Project\repo\org\mybatis\mybatis\3.2.1\mybatis-3.2.1.jar;D:\Project\repo\org\mybatis\mybatis-spring\1.1.1\mybatis-spring-1.1.1.jar;D:\Project\repo\javax\servlet\jstl\1.1.2\jstl-1.1.2.jar;D:\Project\repo\taglibs\standard\1.1.2\standard-1.1.2.jar;D:\Project\repo\org\springframework\spring-test\3.1.1.RELEASE\spring-test-3.1.1.RELEASE.jar;D:\Project\repo\org\testng\testng\6.1.1\testng-6.1.1.jar;D:\Project\repo\org\beanshell\bsh\2.0b4\bsh-2.0b4.jar;D:\Project\repo\com\beust\jcommander\1.12\jcommander-1.12.jar;D:\Project\repo\org\yaml\snakeyaml\1.6\snakeyaml-1.6.jar;"/>
    <property name="java.specification.name" value="Java Platform API Specification"/>
    <property name="java.class.version" value="52.0"/>
    <property name="sun.management.compiler" value="HotSpot 64-Bit Tiered Compilers"/>
    <property name="os.version" value="6.1"/>
    <property name="user.home" value="C:\Users\422575"/>
    <property name="user.timezone" value="Asia/Shanghai"/>
    <property name="java.awt.printerjob" value="sun.awt.windows.WPrinterJob"/>
    <property name="java.specification.version" value="1.8"/>
    <property name="file.encoding" value="UTF-8"/>
    <property name="user.name" value="422575"/>
    <property name="java.class.path" value="/D:/Program Files (x86)/sts-3.2.0.RELEASE/configuration/org.eclipse.osgi/bundles/554/1/.cp/jars/plexus-classworlds-2.4.jar"/>
    <property name="java.vm.specification.version" value="1.8"/>
    <property name="sun.arch.data.model" value="64"/>
    <property name="java.home" value="D:\Program Files\Java\jdk1.8.0\jre"/>
    <property name="sun.java.command" value="org.codehaus.plexus.classworlds.launcher.Launcher -B -s D:\Program Files (x86)\apache-maven-3.3.3\conf\settings.xml clean package"/>
    <property name="java.specification.vendor" value="Oracle Corporation"/>
    <property name="user.language" value="zh"/>
    <property name="awt.toolkit" value="sun.awt.windows.WToolkit"/>
    <property name="jdbc.password" value="sf123456"/>
    <property name="java.vm.info" value="mixed mode"/>
    <property name="jdbc.username" value="root"/>
    <property name="java.version" value="1.8.0"/>
    <property name="java.ext.dirs" value="D:\Program Files\Java\jdk1.8.0\jre\lib\ext;C:\Windows\Sun\Java\lib\ext"/>
    <property name="sun.boot.class.path" value="D:\Program Files\Java\jdk1.8.0\jre\lib\resources.jar;D:\Program Files\Java\jdk1.8.0\jre\lib\rt.jar;D:\Program Files\Java\jdk1.8.0\jre\lib\sunrsasign.jar;D:\Program Files\Java\jdk1.8.0\jre\lib\jsse.jar;D:\Program Files\Java\jdk1.8.0\jre\lib\jce.jar;D:\Program Files\Java\jdk1.8.0\jre\lib\charsets.jar;D:\Program Files\Java\jdk1.8.0\jre\lib\jfr.jar;D:\Program Files\Java\jdk1.8.0\jre\classes"/>
    <property name="java.vendor" value="Oracle Corporation"/>
    <property name="maven.home" value="D:\user\422575\桌面\飞行员检查记录系统\shengzhao-spring-oauth-server-master\spring-oauth-server\EMBEDDED"/>
    <property name="localRepository" value="D:\Project\repo"/>
    <property name="file.separator" value="\"/>
    <property name="java.vendor.url.bug" value="http://bugreport.sun.com/bugreport/"/>
    <property name="sun.cpu.endian" value="little"/>
    <property name="sun.io.unicode.encoding" value="UnicodeLittle"/>
    <property name="sun.desktop" value="windows"/>
    <property name="sun.cpu.isalist" value="amd64"/>
  </properties>
  <testcase name="findAllOauthClientDetails" time="0.052"/>
  <testcase name="findOauthClientDetails" time="0.01"/>
  <testcase name="saveOauthClientDetails" time="0.017"/>
  <testcase name="updateOauthClientDetailsArchive" time="0.004"/>
  <testcase name="findByGuid" time="0.037"/>
  <testcase name="findByUsername" time="0.003"/>
  <testcase name="updateUser" time="0.035"/>
</testsuite>